2024-06-23 07:54:01 [INFO] () | 没有 -q 参数指定快速登录的QQ，将使用二维码登录方式 
2024-06-23 07:54:01 [INFO] () | [NapCat] [WebUi] Current WebUi is running at IP:6099 
2024-06-23 07:54:01 [INFO] () | [NapCat] [WebUi] Login Token is h6cuvgxhjoj 
2024-06-23 07:54:01 [INFO] () | [NapCat] 当前版本: 1.6.1 
2024-06-23 07:54:01 [DEBUG] () | [NapCat] 当前已是最新版本 
2024-06-23 07:54:02 [WARN] () | 请扫描下面的二维码，然后在手Q上授权登录： 
2024-06-23 07:54:02 [WARN] () | 
▄▄▄▄▄▄▄▄▄▄▄▄▄▄▄▄▄▄▄▄▄▄▄▄▄▄▄▄▄▄▄▄▄▄▄
█ ▄▄▄▄▄ █▄▄▄ ▀▄██ ▄▄▀▀██▄██ ▄▄▄▄▄ █
█ █   █ ██▄▀ █ ▀▄▄█▄▀█▄█▄██ █   █ █
█ █▄▄▄█ ██▀▄ ▄████▄█▄▀ ▄▀▄█ █▄▄▄█ █
█▄▄▄▄▄▄▄█ ▀▄█ ▀ █ █▄▀▄█ ▀▄█▄▄▄▄▄▄▄█
█▄ ▀ ▄█▄██▄▀█▄██▀▀▄█ █ ▀▀▀█▄▀▀█▀▀▄█
█▄██▀█ ▄ █▄██▄█▄ █  █▀▄█▄█▀  ▄▀▀▄▄█
█▄▄ ▄▄█▄▄▄▄ █▀▀▄  ▀▀▄▀▄▀ ▀▀▄▄███▄▄█
█▀█▀▀▄█▄▄██ █▀▄▀ ▄█▀ ▄█ ▀▀▀▄█ █▀█▀█
██▀▄██▄▄ ▄█  ▄▄  ▀█ ▀▀▀▄█▄▄ ▀ ▄█  █
█   ▄▄▄▄▄▀▄█▀▄  ▄▄█  ▄▄ ▄██▀█▄█▀▀ █
█ ▄ ██▄▄▄ ▀ ▄▀████▄▄▄▄█▄ ▀▄█▀▀▀█▀██
█ ███▄█▄▀█▄  ▀█ ▄  ██ █▄▄▀ ▀ ▄█▀▄▄█
█▄▄▄█▄▄▄█▀  ▄▄▀▄ ▀██ █▄██ ▄▄▄ ▀▀ ██
█ ▄▄▄▄▄ ██▀█ ▄█ ▄██▀▄ ██  █▄█ ▀ █▀█
█ █   █ █ █▄▀ ▄ ▄▄▀▄█▀▄▄▄▄ ▄▄▄▀█▄▄█
█ █▄▄▄█ █▀▀▀▄█ ▄▄▄▄▄ ▀█▀▀█▀▀▄   ▀ █
█▄▄▄▄▄▄▄█▄▄▄█████▄██▄▄█▄█▄▄█▄█▄████

二维码解码URL: https://txz.qq.com/p?k=k777YWIRy7GW1QTTw5ezdWpl*5t1HUqX&f=1600001615
如果控制台二维码无法扫码，可以复制解码url到二维码生成网站生成二维码再扫码，也可以打开下方的二维码路径图片进行扫码 
2024-06-23 07:54:02 [WARN] () | 二维码已保存到 /file/project/2/NapCat.linux.x64/qrcode.png 
2024-06-23 07:54:04 [DEBUG] () | 检测更新异常 {} 
2024-06-23 07:54:22 [DEBUG] () | 配置文件/file/project/2/NapCat.linux.x64/config/napcat_3698581150.json已加载 {"fileLog":true,"consoleLog":true,"fileLogLevel":"debug","consoleLogLevel":"info"} 
2024-06-23 07:54:22 [DEBUG] (3698581150) | 本账号数据/缓存目录： /home/user/.config/QQ/NapCat/data 
2024-06-23 07:54:22 [DEBUG] (3698581150) | 数据库中消息最大短id -2147483633 
2024-06-23 07:54:23 [DEBUG] (3698581150) | ob11 ready 
2024-06-23 07:54:23 [DEBUG] (3698581150) | 配置文件/file/project/2/NapCat.linux.x64/config/onebot11_3698581150.json已加载 {"http":{"enable":false,"host":"","port":3000,"secret":"","enableHeart":false,"enablePost":false,"postUrls":[]},"ws":{"enable":false,"host":"","port":3001},"reverseWs":{"enable":true,"urls":["ws://127.0.0.1:10001/onebot/v11/ws"]},"debug":false,"heartInterval":30000,"messagePostFormat":"array","enableLocalFile2Url":true,"musicSignUrl":"","reportSelfMessage":false,"token":"","GroupLocalTime":{"Record":false,"RecordList":[]}} 
2024-06-23 07:54:23 [INFO] (3698581150) | 
    HTTP服务 未启动, :3000
    HTTP上报服务 未启动, 上报地址: 
    WebSocket服务 未启动, :3001
    WebSocket反向服务 已启动, 反向地址: ws://127.0.0.1:10001/onebot/v11/ws
     
2024-06-23 07:54:23 [INFO] (3698581150) | 开始连接反向ws ws://127.0.0.1:10001/onebot/v11/ws 
2024-06-23 07:54:23 [DEBUG] (3698581150) | Trying to connect to the websocket server: ws://127.0.0.1:10001/onebot/v11/ws 
2024-06-23 07:54:23 [DEBUG] (3698581150) | ob11 msg listener added 
2024-06-23 07:54:23 [DEBUG] (3698581150) | ob11 buddy listener added 
2024-06-23 07:54:23 [DEBUG] (3698581150) | ob11 group listener added 
2024-06-23 07:54:23 [INFO] (3698581150) | 登录成功! 
2024-06-23 07:54:23 [DEBUG] (3698581150) | Connected to the websocket server: ws://127.0.0.1:10001/onebot/v11/ws 
2024-06-23 07:54:23 [DEBUG] (3698581150) | ws 消息上报 ws://127.0.0.1:10001/onebot/v11/ws {"time":1719147263,"self_id":3698581150,"post_type":"meta_event","meta_event_type":"lifecycle","sub_type":"connect"} 
2024-06-23 07:54:23 [DEBUG] 公司高管(3698581150) | 消息时间1719147040早于启动时间1719147241.67，忽略上报 
2024-06-23 07:54:23 [DEBUG] 公司高管(3698581150) | 消息时间1719147061早于启动时间1719147241.67，忽略上报 
2024-06-23 07:54:23 [DEBUG] 公司高管(3698581150) | 消息时间1719147138早于启动时间1719147241.67，忽略上报 
2024-06-23 07:54:23 [DEBUG] 公司高管(3698581150) | 消息时间1719147215早于启动时间1719147241.67，忽略上报 
2024-06-23 07:54:23 [DEBUG] 公司高管(3698581150) | 消息时间1719147235早于启动时间1719147241.67，忽略上报 
2024-06-23 07:54:23 [DEBUG] 公司高管(3698581150) | 收到新消息 {"msgId":"7383681568073211176","msgRandom":"1455225091","msgSeq":"2906859","cntSeq":"0","chatType":2,"msgType":2,"subMsgType":4096,"sendType":0,"senderUid":"u_vZgVkWMLyLgrJIRaUVfG-g","peerUid":"708579378","channelId":"","guildId":"","guildCode":"0","fromUid":"0","fromAppid":"0","msgTime":"1719147241","msgMeta":"0x","sendStatus":2,"sendRemarkName":"","sendMemberName":"","sendNickName":"LiKe","guildName":"","channelName":"","elements":[{"elementType":2,"elementId":"7383681568073211175","extBufForUI":"0x","textElement":null,"faceElement":null,"marketFaceElement":null,"replyElement":null,"picElement":{"picSubType":1,"fileName":"D3C04D8F776C16DC4F17B12384187702.jpg","fileSize":"33406","picWidth":358,"picHeight":478,"original":true,"md5HexStr":"d3c04d8f776c16dc4f17b12384187702","sourcePath":"/home/user/.config/QQ/nt_qq_6a26bb4393443d56fb4e0d852cf6dab0/nt_data/Emoji/emoji-recv/2024-06/Ori/d3c04d8f776c16dc4f17b12384187702.jpg","thumbPath":{},"transferStatus":0,"progress":0,"picType":1000,"invalidState":0,"fileUuid":"2587722504","fileSubId":"","thumbFileSize":0,"fileBizId":null,"downloadIndex":null,"summary":"[动画表情]","emojiFrom":0,"emojiWebUrl":null,"emojiAd":{"url":"","desc":""},"emojiMall":{"packageId":0,"emojiId":0},"emojiZplan":{"actionId":0,"actionName":"","actionType":0,"playerNumber":0,"peerUid":"0","bytesReserveInfo":""},"originImageMd5":"undefined","originImageUrl":"/gchatpic_new/626955646/708579378-2587722504-D3C04D8F776C16DC4F17B12384187702/0?term=255&is_origin=1","import_rich_media_context":null,"isFlashPic":false,"storeID":0},"pttElement":null,"videoElement":null,"grayTipElement":null,"arkElement":null,"fileElement":null,"liveGiftElement":null,"markdownElement":null,"structLongMsgElement":null,"multiForwardMsgElement":null,"giphyElement":null,"walletElement":null,"inlineKeyboardElement":null,"textGiftElement":null,"calendarElement":null,"yoloGameResultElement":null,"avRecordElement":null,"structMsgElement":null,"faceBubbleElement":null,"shareLocationElement":null,"tofuRecordElement":null,"taskTopMsgElement":null,"recommendedMsgElement":null,"actionBarElement":null}],"records":[],"emojiLikesList":[],"commentCnt":"0","directMsgFlag":0,"directMsgMembers":[],"peerName":"Unity游戏开发咖啡屋⚣","freqLimitInfo":null,"editable":false,"avatarMeta":"","avatarPendant":"","feedId":"","roleId":"0","timeStamp":"0","clientIdentityInfo":null,"isImportMsg":false,"atType":0,"roleType":0,"fromChannelRoleInfo":{"roleId":"0","name":"","color":0},"fromGuildRoleInfo":{"roleId":"0","name":"","color":0},"levelRoleInfo":{"roleId":"0","name":"","color":0},"recallTime":"0","isOnlineMsg":false,"generalFlags":"0x","clientSeq":"0","fileGroupSize":null,"foldingInfo":null,"multiTransInfo":null,"senderUin":"626955646","peerUin":"708579378","msgAttrs":{},"anonymousExtInfo":null,"nameType":0,"avatarFlag":0,"extInfoForUI":null,"personalMedal":null,"categoryManage":0,"msgEventInfo":null,"id":-2147483632} 
2024-06-23 07:54:23 [DEBUG] 公司高管(3698581150) | 收到新消息 {"msgId":"7383681568073211171","msgRandom":"848886895","msgSeq":"2906860","cntSeq":"0","chatType":2,"msgType":2,"subMsgType":1,"sendType":0,"senderUid":"u_vZgVkWMLyLgrJIRaUVfG-g","peerUid":"708579378","channelId":"","guildId":"","guildCode":"0","fromUid":"0","fromAppid":"0","msgTime":"1719147252","msgMeta":"0x","sendStatus":2,"sendRemarkName":"","sendMemberName":"","sendNickName":"LiKe","guildName":"","channelName":"","elements":[{"elementType":1,"elementId":"7383681568073211170","extBufForUI":"0x","textElement":{"content":"时间过得好快","atType":0,"atUid":"0","atTinyId":"0","atNtUid":"","subElementType":0,"atChannelId":"0","linkInfo":null,"atRoleId":"0","atRoleColor":0,"atRoleName":"","needNotify":0},"faceElement":null,"marketFaceElement":null,"replyElement":null,"picElement":null,"pttElement":null,"videoElement":null,"grayTipElement":null,"arkElement":null,"fileElement":null,"liveGiftElement":null,"markdownElement":null,"structLongMsgElement":null,"multiForwardMsgElement":null,"giphyElement":null,"walletElement":null,"inlineKeyboardElement":null,"textGiftElement":null,"calendarElement":null,"yoloGameResultElement":null,"avRecordElement":null,"structMsgElement":null,"faceBubbleElement":null,"shareLocationElement":null,"tofuRecordElement":null,"taskTopMsgElement":null,"recommendedMsgElement":null,"actionBarElement":null}],"records":[],"emojiLikesList":[],"commentCnt":"0","directMsgFlag":0,"directMsgMembers":[],"peerName":"Unity游戏开发咖啡屋⚣","freqLimitInfo":null,"editable":false,"avatarMeta":"","avatarPendant":"","feedId":"","roleId":"0","timeStamp":"0","clientIdentityInfo":null,"isImportMsg":false,"atType":0,"roleType":0,"fromChannelRoleInfo":{"roleId":"0","name":"","color":0},"fromGuildRoleInfo":{"roleId":"0","name":"","color":0},"levelRoleInfo":{"roleId":"0","name":"","color":0},"recallTime":"0","isOnlineMsg":false,"generalFlags":"0x","clientSeq":"0","fileGroupSize":null,"foldingInfo":null,"multiTransInfo":null,"senderUin":"626955646","peerUin":"708579378","msgAttrs":{},"anonymousExtInfo":null,"nameType":0,"avatarFlag":0,"extInfoForUI":null,"personalMedal":null,"categoryManage":0,"msgEventInfo":null,"id":-2147483631} 
2024-06-23 07:54:23 [DEBUG] 公司高管(3698581150) | 收到消息:  {"self_id":3698581150,"user_id":626955646,"time":1719147241,"message_id":-2147483632,"message_seq":-2147483632,"real_id":-2147483632,"message_type":"group","sender":{"user_id":626955646,"nickname":"LiKe","card":""},"raw_message":"[CQ:image,file=D3C04D8F776C16DC4F17B12384187702.jpg,url=https://gchat.qpic.cn/gchatpic_new/626955646/708579378-2587722504-D3C04D8F776C16DC4F17B12384187702/0?term=255&amp;is_origin=1,file_size=33406]","font":14,"sub_type":"normal","message":[{"data":{"file":"D3C04D8F776C16DC4F17B12384187702.jpg","url":"https://gchat.qpic.cn/gchatpic_new/626955646/708579378-2587722504-D3C04D8F776C16DC4F17B12384187702/0?term=255&is_origin=1","file_size":"33406"},"type":"image","subType":1}],"message_format":"array","post_type":"message","group_id":708579378} 
2024-06-23 07:54:23 [DEBUG] 公司高管(3698581150) | ws 消息上报 ws://127.0.0.1:10001/onebot/v11/ws {"self_id":3698581150,"user_id":626955646,"time":1719147241,"message_id":-2147483632,"message_seq":-2147483632,"real_id":-2147483632,"message_type":"group","sender":{"user_id":626955646,"nickname":"LiKe","card":""},"raw_message":"[CQ:image,file=D3C04D8F776C16DC4F17B12384187702.jpg,url=https://gchat.qpic.cn/gchatpic_new/626955646/708579378-2587722504-D3C04D8F776C16DC4F17B12384187702/0?term=255&amp;is_origin=1,file_size=33406]","font":14,"sub_type":"normal","message":[{"data":{"file":"D3C04D8F776C16DC4F17B12384187702.jpg","url":"https://gchat.qpic.cn/gchatpic_new/626955646/708579378-2587722504-D3C04D8F776C16DC4F17B12384187702/0?term=255&is_origin=1","file_size":"33406"},"type":"image","subType":1}],"message_format":"array","post_type":"message","group_id":708579378} 
2024-06-23 07:54:23 [INFO] 公司高管(3698581150) | 群[Unity游戏开发咖啡屋⚣(708579378)] LiKe(626955646): [图片|https://gchat.qpic.cn/gchatpic_new/626955646/708579378-2587722504-D3C04D8F776C16DC4F17B12384187702/0?term=255&is_origin=1] 
2024-06-23 07:54:23 [DEBUG] 公司高管(3698581150) | 收到消息:  {"self_id":3698581150,"user_id":626955646,"time":1719147252,"message_id":-2147483631,"message_seq":-2147483631,"real_id":-2147483631,"message_type":"group","sender":{"user_id":626955646,"nickname":"LiKe","card":""},"raw_message":"时间过得好快","font":14,"sub_type":"normal","message":[{"data":{"text":"时间过得好快"},"type":"text"}],"message_format":"array","post_type":"message","group_id":708579378} 
2024-06-23 07:54:23 [DEBUG] 公司高管(3698581150) | ws 消息上报 ws://127.0.0.1:10001/onebot/v11/ws {"self_id":3698581150,"user_id":626955646,"time":1719147252,"message_id":-2147483631,"message_seq":-2147483631,"real_id":-2147483631,"message_type":"group","sender":{"user_id":626955646,"nickname":"LiKe","card":""},"raw_message":"时间过得好快","font":14,"sub_type":"normal","message":[{"data":{"text":"时间过得好快"},"type":"text"}],"message_format":"array","post_type":"message","group_id":708579378} 
2024-06-23 07:54:23 [INFO] 公司高管(3698581150) | 群[Unity游戏开发咖啡屋⚣(708579378)] LiKe(626955646): 时间过得好快 
2024-06-23 07:54:39 [INFO] 公司高管(3698581150) | 账号设备(u_Wcc5rknRRqRO8y5gxMD6sA) 在线状态变更 
2024-06-23 07:54:39 [INFO] 公司高管(3698581150) | 账号设备(u_Wcc5rknRRqRO8y5gxMD6sA) 在线状态变更 
2024-06-23 07:54:39 [INFO] 公司高管(3698581150) | 账号设备(u_Wcc5rknRRqRO8y5gxMD6sA) 在线状态变更 
2024-06-23 07:54:42 [DEBUG] 公司高管(3698581150) | 收到新消息 {"msgId":"7383681651321004564","msgRandom":"1576865992","msgSeq":"32","cntSeq":"0","chatType":1,"msgType":2,"subMsgType":1,"sendType":0,"senderUid":"u_V69BZojbJFRhlHN6EEe6sw","peerUid":"u_V69BZojbJFRhlHN6EEe6sw","channelId":"","guildId":"","guildCode":"0","fromUid":"0","fromAppid":"0","msgTime":"1719147351","msgMeta":"0x","sendStatus":2,"sendRemarkName":"","sendMemberName":"","sendNickName":"","guildName":"","channelName":"","elements":[{"elementType":1,"elementId":"7383681651321004563","extBufForUI":"0x","textElement":{"content":"1","atType":0,"atUid":"0","atTinyId":"0","atNtUid":"","subElementType":0,"atChannelId":"0","linkInfo":null,"atRoleId":"0","atRoleColor":0,"atRoleName":"","needNotify":0},"faceElement":null,"marketFaceElement":null,"replyElement":null,"picElement":null,"pttElement":null,"videoElement":null,"grayTipElement":null,"arkElement":null,"fileElement":null,"liveGiftElement":null,"markdownElement":null,"structLongMsgElement":null,"multiForwardMsgElement":null,"giphyElement":null,"walletElement":null,"inlineKeyboardElement":null,"textGiftElement":null,"calendarElement":null,"yoloGameResultElement":null,"avRecordElement":null,"structMsgElement":null,"faceBubbleElement":null,"shareLocationElement":null,"tofuRecordElement":null,"taskTopMsgElement":null,"recommendedMsgElement":null,"actionBarElement":null}],"records":[],"emojiLikesList":[],"commentCnt":"0","directMsgFlag":0,"directMsgMembers":[],"peerName":"","freqLimitInfo":null,"editable":false,"avatarMeta":"","avatarPendant":"","feedId":"","roleId":"0","timeStamp":"0","clientIdentityInfo":null,"isImportMsg":false,"atType":0,"roleType":0,"fromChannelRoleInfo":{"roleId":"0","name":"","color":0},"fromGuildRoleInfo":{"roleId":"0","name":"","color":0},"levelRoleInfo":{"roleId":"0","name":"","color":0},"recallTime":"0","isOnlineMsg":true,"generalFlags":"0x","clientSeq":"57557","fileGroupSize":null,"foldingInfo":null,"multiTransInfo":null,"senderUin":"3776603471","peerUin":"3776603471","msgAttrs":{},"anonymousExtInfo":null,"nameType":0,"avatarFlag":0,"extInfoForUI":null,"personalMedal":null,"categoryManage":0,"msgEventInfo":null,"id":-2147483630} 
2024-06-23 07:54:42 [DEBUG] 公司高管(3698581150) | 收到消息:  {"self_id":3698581150,"user_id":3776603471,"time":1719147351,"message_id":-2147483630,"message_seq":-2147483630,"real_id":-2147483630,"message_type":"private","sender":{"user_id":3776603471,"nickname":"要什么自行车","card":""},"raw_message":"1","font":14,"sub_type":"friend","message":[{"data":{"text":"1"},"type":"text"}],"message_format":"array","post_type":"message"} 
2024-06-23 07:54:42 [INFO] 公司高管(3698581150) | 要什么自行车(3776603471): 1 
2024-06-23 07:54:42 [DEBUG] 公司高管(3698581150) | ws 消息上报 ws://127.0.0.1:10001/onebot/v11/ws {"self_id":3698581150,"user_id":3776603471,"time":1719147351,"message_id":-2147483630,"message_seq":-2147483630,"real_id":-2147483630,"message_type":"private","sender":{"user_id":3776603471,"nickname":"要什么自行车","card":""},"raw_message":"1","font":14,"sub_type":"friend","message":[{"data":{"text":"1"},"type":"text"}],"message_format":"array","post_type":"message"} 
2024-06-23 07:54:47 [DEBUG] 公司高管(3698581150) | The websocket connection: ws://127.0.0.1:10001/onebot/v11/ws closed, trying reconnecting... 
2024-06-23 07:54:47 [ERROR] 公司高管(3698581150) | 反向ws断开 ws://127.0.0.1:10001/onebot/v11/ws 
2024-06-23 07:54:48 [DEBUG] 公司高管(3698581150) | 收到新消息 {"msgId":"7383681677366234342","msgRandom":"146123825","msgSeq":"2906861","cntSeq":"0","chatType":2,"msgType":2,"subMsgType":1,"sendType":0,"senderUid":"u_-n8gFC6d-XqxSlYVuMbQDA","peerUid":"708579378","channelId":"","guildId":"","guildCode":"0","fromUid":"0","fromAppid":"0","msgTime":"1719147356","msgMeta":"0x","sendStatus":2,"sendRemarkName":"","sendMemberName":"oof","sendNickName":"","guildName":"","channelName":"","elements":[{"elementType":1,"elementId":"7383681677366234341","extBufForUI":"0x","textElement":{"content":"我发现我一直认为是个帧同步的格斗游戏","atType":0,"atUid":"0","atTinyId":"0","atNtUid":"","subElementType":0,"atChannelId":"0","linkInfo":null,"atRoleId":"0","atRoleColor":0,"atRoleName":"","needNotify":0},"faceElement":null,"marketFaceElement":null,"replyElement":null,"picElement":null,"pttElement":null,"videoElement":null,"grayTipElement":null,"arkElement":null,"fileElement":null,"liveGiftElement":null,"markdownElement":null,"structLongMsgElement":null,"multiForwardMsgElement":null,"giphyElement":null,"walletElement":null,"inlineKeyboardElement":null,"textGiftElement":null,"calendarElement":null,"yoloGameResultElement":null,"avRecordElement":null,"structMsgElement":null,"faceBubbleElement":null,"shareLocationElement":null,"tofuRecordElement":null,"taskTopMsgElement":null,"recommendedMsgElement":null,"actionBarElement":null}],"records":[],"emojiLikesList":[],"commentCnt":"0","directMsgFlag":0,"directMsgMembers":[],"peerName":"Unity游戏开发咖啡屋⚣","freqLimitInfo":null,"editable":false,"avatarMeta":"","avatarPendant":"","feedId":"","roleId":"0","timeStamp":"0","clientIdentityInfo":null,"isImportMsg":false,"atType":0,"roleType":0,"fromChannelRoleInfo":{"roleId":"0","name":"","color":0},"fromGuildRoleInfo":{"roleId":"0","name":"","color":0},"levelRoleInfo":{"roleId":"0","name":"","color":0},"recallTime":"0","isOnlineMsg":true,"generalFlags":"0x","clientSeq":"0","fileGroupSize":null,"foldingInfo":null,"multiTransInfo":null,"senderUin":"491492179","peerUin":"708579378","msgAttrs":{},"anonymousExtInfo":null,"nameType":0,"avatarFlag":0,"extInfoForUI":null,"personalMedal":null,"categoryManage":0,"msgEventInfo":null,"id":-2147483629} 
2024-06-23 07:54:48 [DEBUG] 公司高管(3698581150) | 收到消息:  {"self_id":3698581150,"user_id":491492179,"time":1719147356,"message_id":-2147483629,"message_seq":-2147483629,"real_id":-2147483629,"message_type":"group","sender":{"user_id":491492179,"nickname":"全体成员","card":"oof","role":"member"},"raw_message":"我发现我一直认为是个帧同步的格斗游戏","font":14,"sub_type":"normal","message":[{"data":{"text":"我发现我一直认为是个帧同步的格斗游戏"},"type":"text"}],"message_format":"array","post_type":"message","group_id":708579378} 
2024-06-23 07:54:48 [INFO] 公司高管(3698581150) | 群[Unity游戏开发咖啡屋⚣(708579378)] 全体成员(491492179): 我发现我一直认为是个帧同步的格斗游戏 
2024-06-23 07:54:50 [DEBUG] 公司高管(3698581150) | Trying to connect to the websocket server: ws://127.0.0.1:10001/onebot/v11/ws 
2024-06-23 07:54:50 [INFO] 公司高管(3698581150) | {"errno":-111,"code":"ECONNREFUSED","syscall":"connect","address":"127.0.0.1","port":10001} 
2024-06-23 07:54:50 [DEBUG] 公司高管(3698581150) | The websocket connection: ws://127.0.0.1:10001/onebot/v11/ws closed, trying reconnecting... 
2024-06-23 07:54:50 [ERROR] 公司高管(3698581150) | 反向ws断开 ws://127.0.0.1:10001/onebot/v11/ws 
